{"data":{"event_name":"login","user":"bob"},"unix_timestamp":135355}
{"data":{"event_name":"logout","user":"david"},"unix_timestamp":135355}
{"data":{"event_name":"login","user":"emma"},"unix_timestamp":135355}
{"data":{"event_name":"logout","user":"bob"},"unix_timestamp":135355}
{"data":{"event_name":"login","user":"charlie"},"unix_timestamp":135355}
{"data":{"event_name":"logout","user":"david"},"unix_timestamp":135355}
{"data":{"event_name":"login","user":"charlie"},"unix_timestamp":135356}
{"data":{"event_name":"logout","user":"charlie"},"unix_timestamp":135356}
{"data":{"event_name":"login","user":"alice"},"unix_timestamp":135356}
{"data":{"event_name":"logout","user":"alice"},"unix_timestamp":135356}
{"data":{"event_name":"login","user":"david"},"unix_timestamp":135356}
{"data":{"event_name":"logout","user":"charlie"},"unix_timestamp":135356}
{"data":{"event_name":"login","user":"david"},"unix_timestamp":135356}
{"data":{"event_name":"logout","user":"bob"},"unix_timestamp":135356}
{"data":{"event_name":"login","user":"bob"},"unix_timestamp":135356}
{"data":{"event_name":"logout","user":"bob"},"unix_timestamp":135356}
{"data":{"event_name":"login","user":"charlie"},"unix_timestamp":135356}
{"data":{"event_name":"logout","user":"bob"},"unix_timestamp":135356}
{"data":{"event_name":"login","user":"david"},"unix_timestamp":135356}
{"data":{"event_name":"logout","user":"charlie"},"unix_timestamp":135356}
{"data":{"event_name":"login","user":"emma"},"unix_timestamp":135356}
{"data":{"event_name":"logout","user":"alice"},"unix_timestamp":135356}
{"data":{"event_name":"login","user":"bob"},"unix_timestamp":135356}
{"data":{"event_name":"logout","user":"david"},"unix_timestamp":135357}
{"data":{"event_name":"login","user":"emma"},"unix_timestamp":135357}
{"data":{"event_name":"logout","user":"charlie"},"unix_timestamp":135357}
{"data":{"event_name":"login","user":"alice"},"unix_timestamp":135357}
{"data":{"event_name":"logout","user":"alice"},"unix_timestamp":135357}
{"data":{"event_name":"login","user":"emma"},"unix_timestamp":135357}
{"data":{"event_name":"logout","user":"alice"},"unix_timestamp":135357}
{"data":{"event_name":"login","user":"alice"},"unix_timestamp":135357}
{"data":{"event_name":"logout","user":"alice"},"unix_timestamp":135357}
{"data":{"event_name":"login","user":"david"},"unix_timestamp":135357}
{"data":{"event_name":"logout","user":"david"},"unix_timestamp":135357}
{"data":{"event_name":"login","user":"emma"},"unix_timestamp":135357}
{"data":{"event_name":"logout","user":"david"},"unix_timestamp":135357}
{"data":{"event_name":"login","user":"bob"},"unix_timestamp":135357}
{"data":{"event_name":"logout","user":"bob"},"unix_timestamp":135357}
{"data":{"event_name":"login","user":"emma"},"unix_timestamp":135357}
{"data":{"event_name":"logout","user":"alice"},"unix_timestamp":135357}
{"data":{"event_name":"login","user":"emma"},"unix_timestamp":135357}
{"data":{"event_name":"logout","user":"emma"},"unix_timestamp":135357}
{"data":{"event_name":"login","user":"charlie"},"unix_timestamp":135357}
{"data":{"event_name":"logout","user":"david"},"unix_timestamp":135358}
{"data":{"event_name":"login","user":"alice"},"unix_timestamp":135358}
{"data":{"event_name":"logout","user":"david"},"unix_timestamp":135358}
{"data":{"event_name":"login","user":"bob"},"unix_timestamp":135358}
{"data":{"event_name":"logout","user":"alice"},"unix_timestamp":135358}
{"data":{"event_name":"login","user":"alice"},"unix_timestamp":135358}
{"data":{"event_name":"logout","user":"alice"},"unix_timestamp":135358}
{"data":{"event_name":"login","user":"alice"},"unix_timestamp":135358}
{"data":{"event_name":"logout","user":"alice"},"unix_timestamp":135358}
{"data":{"event_name":"login","user":"david"},"unix_timestamp":135358}
{"data":{"event_name":"logout","user":"david"},"unix_timestamp":135358}
{"data":{"event_name":"login","user":"david"},"unix_timestamp":135358}
{"data":{"event_name":"logout","user":"alice"},"unix_timestamp":135358}
{"data":{"event_name":"login","user":"bob"},"unix_timestamp":135358}
{"data":{"event_name":"logout","user":"david"},"unix_timestamp":135358}
{"data":{"event_name":"login","user":"charlie"},"unix_timestamp":135358}
{"data":{"event_name":"logout","user":"charlie"},"unix_timestamp":135358}
{"data":{"event_name":"login","user":"bob"},"unix_timestamp":135358}
{"data":{"event_name":"logout","user":"charlie"},"unix_timestamp":135358}
{"data":{"event_name":"login","user":"charlie"},"unix_timestamp":135358}
{"data":{"event_name":"logout","user":"emma"},"unix_timestamp":135358}
{"data":{"event_name":"login","user":"bob"},"unix_timestamp":135358}
{"data":{"event_name":"logout","user":"charlie"},"unix_timestamp":135358}
{"data":{"event_name":"login","user":"david"},"unix_timestamp":135359}
{"data":{"event_name":"logout","user":"charlie"},"unix_timestamp":135359}
{"data":{"event_name":"login","user":"bob"},"unix_timestamp":135359}
{"data":{"event_name":"logout","user":"charlie"},"unix_timestamp":135359}
{"data":{"event_name":"login","user":"alice"},"unix_timestamp":135359}
{"data":{"event_name":"logout","user":"emma"},"unix_timestamp":135359}
{"data":{"event_name":"login","user":"alice"},"unix_timestamp":135359}
{"data":{"event_name":"logout","user":"charlie"},"unix_timestamp":135359}
{"data":{"event_name":"login","user":"charlie"},"unix_timestamp":135359}
{"data":{"event_name":"logout","user":"emma"},"unix_timestamp":135359}
{"data":{"event_name":"login","user":"david"},"unix_timestamp":135359}
{"data":{"event_name":"logout","user":"charlie"},"unix_timestamp":135359}
{"data":{"event_name":"login","user":"david"},"unix_timestamp":135359}
{"data":{"event_name":"logout","user":"bob"},"unix_timestamp":135359}
{"data":{"event_name":"login","user":"charlie"},"unix_timestamp":135359}
{"data":{"event_name":"logout","user":"charlie"},"unix_timestamp":135359}
{"data":{"event_name":"login","user":"charlie"},"unix_timestamp":135359}
{"data":{"event_name":"logout","user":"alice"},"unix_timestamp":135359}
{"data":{"event_name":"login","user":"alice"},"unix_timestamp":135400}
{"data":{"event_name":"logout","user":"alice"},"unix_timestamp":135400}
{"data":{"event_name":"login","user":"bob"},"unix_timestamp":135400}
{"data":{"event_name":"logout","user":"emma"},"unix_timestamp":135400}
{"data":{"event_name":"login","user":"david"},"unix_timestamp":135400}
{"data":{"event_name":"logout","user":"emma"},"unix_timestamp":135400}
{"data":{"event_name":"login","user":"emma"},"unix_timestamp":135400}
{"data":{"event_name":"logout","user":"alice"},"unix_timestamp":135400}
{"data":{"event_name":"login","user":"alice"},"unix_timestamp":135400}
{"data":{"event_name":"logout","user":"david"},"unix_timestamp":135400}
{"data":{"event_name":"login","user":"charlie"},"unix_timestamp":135400}
{"data":{"event_name":"logout","user":"charlie"},"unix_timestamp":135400}
{"data":{"event_name":"login","user":"alice"},"unix_timestamp":135400}
{"data":{"event_name":"logout","user":"bob"},"unix_timestamp":135400}
{"data":{"event_name":"login","user":"emma"},"unix_timestamp":135400}
{"data":{"event_name":"logout","user":"emma"},"unix_timestamp":135400}
{"data":{"event_name":"login","user":"charlie"},"unix_timestamp":135400}
{"data":{"event_name":"logout","user":"alice"},"unix_timestamp":135400}
{"data":{"event_name":"login","user":"bob"},"unix_timestamp":135400}
{"data":{"event_name":"logout","user":"bob"},"unix_timestamp":135400}
{"data":{"event_name":"login","user":"emma"},"unix_timestamp":135401}
{"data":{"event_name":"logout","user":"charlie"},"unix_timestamp":135401}
{"data":{"event_name":"login","user":"charlie"},"unix_timestamp":135401}
{"data":{"event_name":"logout","user":"alice"},"unix_timestamp":135401}
{"data":{"event_name":"login","user":"bob"},"unix_timestamp":135401}
{"data":{"event_name":"logout","user":"emma"},"unix_timestamp":135401}
{"data":{"event_name":"login","user":"david"},"unix_timestamp":135401}
{"data":{"event_name":"logout","user":"emma"},"unix_timestamp":135401}
{"data":{"event_name":"login","user":"alice"},"unix_timestamp":135401}
{"data":{"event_name":"logout","user":"alice"},"unix_timestamp":135401}
{"data":{"event_name":"login","user":"david"},"unix_timestamp":135401}
{"data":{"event_name":"logout","user":"emma"},"unix_timestamp":135401}
{"data":{"event_name":"login","user":"david"},"unix_timestamp":135401}
{"data":{"event_name":"logout","user":"emma"},"unix_timestamp":135401}
{"data":{"event_name":"login","user":"alice"},"unix_timestamp":135401}
{"data":{"event_name":"logout","user":"david"},"unix_timestamp":135401}
{"data":{"event_name":"login","user":"david"},"unix_timestamp":135401}
{"data":{"event_name":"logout","user":"alice"},"unix_timestamp":135401}
{"data":{"event_name":"login","user":"bob"},"unix_timestamp":135401}
{"data":{"event_name":"logout","user":"charlie"},"unix_timestamp":135401}
{"data":{"event_name":"login","user":"david"},"unix_timestamp":135401}
{"data":{"event_name":"logout","user":"alice"},"unix_timestamp":135401}
{"data":{"event_name":"login","user":"charlie"},"unix_timestamp":135401}
{"data":{"event_name":"logout","user":"emma"},"unix_timestamp":135401}
{"data":{"event_name":"login","user":"david"},"unix_timestamp":135402}
{"data":{"event_name":"logout","user":"alice"},"unix_timestamp":135402}
{"data":{"event_name":"login","user":"david"},"unix_timestamp":135402}
{"data":{"event_name":"logout","user":"charlie"},"unix_timestamp":135402}
{"data":{"event_name":"login","user":"david"},"unix_timestamp":135402}
{"data":{"event_name":"logout","user":"alice"},"unix_timestamp":135402}
{"data":{"event_name":"login","user":"alice"},"unix_timestamp":135402}
{"data":{"event_name":"logout","user":"charlie"},"unix_timestamp":135402}
{"data":{"event_name":"login","user":"charlie"},"unix_timestamp":135402}
{"data":{"event_name":"logout","user":"alice"},"unix_timestamp":135402}
{"data":{"event_name":"login","user":"david"},"unix_timestamp":135402}
{"data":{"event_name":"logout","user":"david"},"unix_timestamp":135402}
{"data":{"event_name":"login","user":"bob"},"unix_timestamp":135402}
{"data":{"event_name":"logout","user":"bob"},"unix_timestamp":135402}
{"data":{"event_name":"login","user":"charlie"},"unix_timestamp":135402}
{"data":{"event_name":"logout","user":"alice"},"unix_timestamp":135402}
{"data":{"event_name":"login","user":"bob"},"unix_timestamp":135402}
{"data":{"event_name":"logout","user":"bob"},"unix_timestamp":135402}
{"data":{"event_name":"login","user":"bob"},"unix_timestamp":135402}
{"data":{"event_name":"logout","user":"alice"},"unix_timestamp":135402}
{"data":{"event_name":"login","user":"emma"},"unix_timestamp":135402}
{"data":{"event_name":"logout","user":"bob"},"unix_timestamp":135402}
{"data":{"event_name":"login","user":"emma"},"unix_timestamp":135402}
{"data":{"event_name":"logout","user":"charlie"},"unix_timestamp":135402}
{"data":{"event_name":"login","user":"alice"},"unix_timestamp":135402}
{"data":{"event_name":"logout","user":"david"},"unix_timestamp":135402}
{"data":{"event_name":"login","user":"charlie"},"unix_timestamp":135403}
{"data":{"event_name":"logout","user":"alice"},"unix_timestamp":135403}
{"data":{"event_name":"login","user":"alice"},"unix_timestamp":135403}
{"data":{"event_name":"logout","user":"bob"},"unix_timestamp":135403}
{"data":{"event_name":"login","user":"emma"},"unix_timestamp":135403}
{"data":{"event_name":"logout","user":"charlie"},"unix_timestamp":135403}
{"data":{"event_name":"login","user":"bob"},"unix_timestamp":135403}
{"data":{"event_name":"logout","user":"emma"},"unix_timestamp":135403}
{"data":{"event_name":"login","user":"david"},"unix_timestamp":135403}
{"data":{"event_name":"logout","user":"david"},"unix_timestamp":135403}
{"data":{"event_name":"login","user":"david"},"unix_timestamp":135403}
{"data":{"event_name":"logout","user":"alice"},"unix_timestamp":135403}
{"data":{"event_name":"login","user":"bob"},"unix_timestamp":135403}
{"data":{"event_name":"logout","user":"alice"},"unix_timestamp":135403}
{"data":{"event_name":"login","user":"charlie"},"unix_timestamp":135403}
{"data":{"event_name":"logout","user":"david"},"unix_timestamp":135403}
{"data":{"event_name":"login","user":"charlie"},"unix_timestamp":135403}
{"data":{"event_name":"logout","user":"david"},"unix_timestamp":135403}
{"data":{"event_name":"login","user":"emma"},"unix_timestamp":135403}
{"data":{"event_name":"logout","user":"david"},"unix_timestamp":135403}
{"data":{"event_name":"login","user":"charlie"},"unix_timestamp":135403}
{"data":{"event_name":"logout","user":"david"},"unix_timestamp":135404}
{"data":{"event_name":"login","user":"charlie"},"unix_timestamp":135404}
{"data":{"event_name":"logout","user":"david"},"unix_timestamp":135404}
{"data":{"event_name":"login","user":"emma"},"unix_timestamp":135404}
{"data":{"event_name":"logout","user":"alice"},"unix_timestamp":135404}
{"data":{"event_name":"login","user":"alice"},"unix_timestamp":135404}
{"data":{"event_name":"logout","user":"charlie"},"unix_timestamp":135404}
{"data":{"event_name":"login","user":"david"},"unix_timestamp":135404}
{"data":{"event_name":"logout","user":"bob"},"unix_timestamp":135404}
{"data":{"event_name":"login","user":"bob"},"unix_timestamp":135404}
{"data":{"event_name":"logout","user":"charlie"},"unix_timestamp":135404}
{"data":{"event_name":"login","user":"charlie"},"unix_timestamp":135404}
{"data":{"event_name":"logout","user":"alice"},"unix_timestamp":135404}
{"data":{"event_name":"login","user":"charlie"},"unix_timestamp":135404}
{"data":{"event_name":"logout","user":"emma"},"unix_timestamp":135404}
{"data":{"event_name":"login","user":"emma"},"unix_timestamp":135404}
{"data":{"event_name":"logout","user":"david"},"unix_timestamp":135404}
{"data":{"event_name":"login","user":"bob"},"unix_timestamp":135404}
{"data":{"event_name":"logout","user":"emma"},"unix_timestamp":135404}
{"data":{"event_name":"login","user":"charlie"},"unix_timestamp":135404}
{"data":{"event_name":"logout","user":"david"},"unix_timestamp":135404}
{"data":{"event_name":"login","user":"alice"},"unix_timestamp":135404}
{"data":{"event_name":"logout","user":"alice"},"unix_timestamp":135404}
{"data":{"event_name":"login","user":"david"},"unix_timestamp":135404}
{"data":{"event_name":"logout","user":"charlie"},"unix_timestamp":135404}
{"data":{"event_name":"login","user":"bob"},"unix_timestamp":135404}
{"data":{"event_name":"logout","user":"bob"},"unix_timestamp":135404}
{"data":{"event_name":"login","user":"emma"},"unix_timestamp":135405}
{"data":{"event_name":"logout","user":"emma"},"unix_timestamp":135405}
{"data":{"event_name":"login","user":"charlie"},"unix_timestamp":135405}
{"data":{"event_name":"logout","user":"charlie"},"unix_timestamp":135405}
{"data":{"event_name":"login","user":"alice"},"unix_timestamp":135405}
{"data":{"event_name":"logout","user":"david"},"unix_timestamp":135405}
{"data":{"event_name":"login","user":"bob"},"unix_timestamp":135405}
{"data":{"event_name":"logout","user":"alice"},"unix_timestamp":135405}
{"data":{"event_name":"login","user":"charlie"},"unix_timestamp":135405}
{"data":{"event_name":"logout","user":"bob"},"unix_timestamp":135405}
{"data":{"event_name":"login","user":"bob"},"unix_timestamp":135405}
{"data":{"event_name":"logout","user":"emma"},"unix_timestamp":135405}
{"data":{"event_name":"login","user":"bob"},"unix_timestamp":135405}
{"data":{"event_name":"logout","user":"david"},"unix_timestamp":135405}
{"data":{"event_name":"login","user":"bob"},"unix_timestamp":135405}
{"data":{"event_name":"logout","user":"charlie"},"unix_timestamp":135405}
{"data":{"event_name":"login","user":"david"},"unix_timestamp":135405}
{"data":{"event_name":"logout","user":"emma"},"unix_timestamp":135405}
{"data":{"event_name":"login","user":"emma"},"unix_timestamp":135405}
{"data":{"event_name":"logout","user":"bob"},"unix_timestamp":135405}
{"data":{"event_name":"login","user":"charlie"},"unix_timestamp":135405}
{"data":{"event_name":"logout","user":"bob"},"unix_timestamp":135406}
{"data":{"event_name":"login","user":"david"},"unix_timestamp":135406}
{"data":{"event_name":"logout","user":"bob"},"unix_timestamp":135406}
{"data":{"event_name":"login","user":"charlie"},"unix_timestamp":135406}
{"data":{"event_name":"logout","user":"charlie"},"unix_timestamp":135406}
{"data":{"event_name":"login","user":"david"},"unix_timestamp":135406}
{"data":{"event_name":"logout","user":"david"},"unix_timestamp":135406}
{"data":{"event_name":"login","user":"david"},"unix_timestamp":135406}
{"data":{"event_name":"logout","user":"alice"},"unix_timestamp":135406}
{"data":{"event_name":"login","user":"emma"},"unix_timestamp":135406}
{"data":{"event_name":"logout","user":"charlie"},"unix_timestamp":135406}
{"data":{"event_name":"login","user":"charlie"},"unix_timestamp":135406}
{"data":{"event_name":"logout","user":"alice"},"unix_timestamp":135406}
{"data":{"event_name":"login","user":"alice"},"unix_timestamp":135406}
{"data":{"event_name":"logout","user":"emma"},"unix_timestamp":135406}
{"data":{"event_name":"login","user":"charlie"},"unix_timestamp":135406}
{"data":{"event_name":"logout","user":"emma"},"unix_timestamp":135406}
{"data":{"event_name":"login","user":"david"},"unix_timestamp":135406}
{"data":{"event_name":"logout","user":"emma"},"unix_timestamp":135406}
{"data":{"event_name":"login","user":"emma"},"unix_timestamp":135407}
{"data":{"event_name":"logout","user":"alice"},"unix_timestamp":135407}
{"data":{"event_name":"login","user":"david"},"unix_timestamp":135407}
{"data":{"event_name":"logout","user":"bob"},"unix_timestamp":135407}
{"data":{"event_name":"login","user":"alice"},"unix_timestamp":135407}
{"data":{"event_name":"logout","user":"alice"},"unix_timestamp":135407}
{"data":{"event_name":"login","user":"david"},"unix_timestamp":135407}
{"data":{"event_name":"logout","user":"charlie"},"unix_timestamp":135407}
{"data":{"event_name":"login","user":"bob"},"unix_timestamp":135407}
{"data":{"event_name":"logout","user":"david"},"unix_timestamp":135407}
{"data":{"event_name":"login","user":"bob"},"unix_timestamp":135407}
{"data":{"event_name":"logout","user":"alice"},"unix_timestamp":135407}
{"data":{"event_name":"login","user":"emma"},"unix_timestamp":135407}
{"data":{"event_name":"logout","user":"alice"},"unix_timestamp":135407}
{"data":{"event_name":"login","user":"bob"},"unix_timestamp":135407}
{"data":{"event_name":"logout","user":"bob"},"unix_timestamp":135407}
{"data":{"event_name":"login","user":"bob"},"unix_timestamp":135407}
{"data":{"event_name":"logout","user":"david"},"unix_timestamp":135407}
{"data":{"event_name":"login","user":"bob"},"unix_timestamp":135407}
{"data":{"event_name":"logout","user":"bob"},"unix_timestamp":135407}
{"data":{"event_name":"login","user":"emma"},"unix_timestamp":135407}
{"data":{"event_name":"logout","user":"charlie"},"unix_timestamp":135407}
{"data":{"event_name":"login","user":"emma"},"unix_timestamp":135407}
{"data":{"event_name":"logout","user":"bob"},"unix_timestamp":135407}
{"data":{"event_name":"login","user":"charlie"},"unix_timestamp":135408}
{"data":{"event_name":"logout","user":"emma"},"unix_timestamp":135408}
{"data":{"event_name":"login","user":"alice"},"unix_timestamp":135408}
{"data":{"event_name":"logout","user":"bob"},"unix_timestamp":135408}
{"data":{"event_name":"login","user":"alice"},"unix_timestamp":135408}
{"data":{"event_name":"logout","user":"david"},"unix_timestamp":135408}
{"data":{"event_name":"login","user":"david"},"unix_timestamp":135408}
{"data":{"event_name":"logout","user":"charlie"},"unix_timestamp":135408}
{"data":{"event_name":"login","user":"bob"},"unix_timestamp":135408}
{"data":{"event_name":"logout","user":"alice"},"unix_timestamp":135408}
{"data":{"event_name":"login","user":"emma"},"unix_timestamp":135408}
{"data":{"event_name":"logout","user":"david"},"unix_timestamp":135408}
{"data":{"event_name":"login","user":"david"},"unix_timestamp":135408}
{"data":{"event_name":"logout","user":"david"},"unix_timestamp":135408}
{"data":{"event_name":"login","user":"bob"},"unix_timestamp":135408}
{"data":{"event_name":"logout","user":"charlie"},"unix_timestamp":135408}
{"data":{"event_name":"login","user":"alice"},"unix_timestamp":135408}
{"data":{"event_name":"logout","user":"alice"},"unix_timestamp":135408}
{"data":{"event_name":"login","user":"charlie"},"unix_timestamp":135408}
{"data":{"event_name":"logout","user":"emma"},"unix_timestamp":135408}
{"data":{"event_name":"login","user":"emma"},"unix_timestamp":135408}
{"data":{"event_name":"logout","user":"bob"},"unix_timestamp":135408}
{"data":{"event_name":"login","user":"bob"},"unix_timestamp":135408}
{"data":{"event_name":"logout","user":"alice"},"unix_timestamp":135408}
{"data":{"event_name":"login","user":"alice"},"unix_timestamp":135408}
{"data":{"event_name":"logout","user":"david"},"unix_timestamp":135408}
{"data":{"event_name":"login","user":"charlie"},"unix_timestamp":135408}
{"data":{"event_name":"logout","user":"alice"},"unix_timestamp":135409}
{"data":{"event_name":"login","user":"alice"},"unix_timestamp":135409}
{"data":{"event_name":"logout","user":"emma"},"unix_timestamp":135409}
{"data":{"event_name":"login","user":"alice"},"unix_timestamp":135409}
{"data":{"event_name":"logout","user":"bob"},"unix_timestamp":135409}
{"data":{"event_name":"login","user":"bob"},"unix_timestamp":135409}
{"data":{"event_name":"logout","user":"emma"},"unix_timestamp":135409}
{"data":{"event_name":"login","user":"david"},"unix_timestamp":135409}
{"data":{"event_name":"logout","user":"david"},"unix_timestamp":135409}
{"data":{"event_name":"login","user":"alice"},"unix_timestamp":135409}
{"data":{"event_name":"logout","user":"charlie"},"unix_timestamp":135409}
{"data":{"event_name":"login","user":"emma"},"unix_timestamp":135409}
{"data":{"event_name":"logout","user":"emma"},"unix_timestamp":135409}
{"data":{"event_name":"login","user":"emma"},"unix_timestamp":135409}
{"data":{"event_name":"logout","user":"alice"},"unix_timestamp":135409}
{"data":{"event_name":"login","user":"alice"},"unix_timestamp":135409}
{"data":{"event_name":"logout","user":"david"},"unix_timestamp":135409}
{"data":{"event_name":"login","user":"emma"},"unix_timestamp":135409}
{"data":{"event_name":"logout","user":"alice"},"unix_timestamp":135409}
{"data":{"event_name":"login","user":"charlie"},"unix_timestamp":135409}
{"data":{"event_name":"logout","user":"alice"},"unix_timestamp":135409}
{"data":{"event_name":"login","user":"david"},"unix_timestamp":135409}
{"data":{"event_name":"logout","user":"charlie"},"unix_timestamp":135409}
{"data":{"event_name":"login","user":"charlie"},"unix_timestamp":135409}
{"data":{"event_name":"logout","user":"bob"},"unix_timestamp":135410}
{"data":{"event_name":"login","user":"alice"},"unix_timestamp":135410}
{"data":{"event_name":"logout","user":"charlie"},"unix_timestamp":135410}
{"data":{"event_name":"login","user":"charlie"},"unix_timestamp":135410}
{"data":{"event_name":"logout","user":"charlie"},"unix_timestamp":135410}
{"data":{"event_name":"login","user":"emma"},"unix_timestamp":135410}
{"data":{"event_name":"logout","user":"charlie"},"unix_timestamp":135410}
{"data":{"event_name":"login","user":"charlie"},"unix_timestamp":135410}
{"data":{"event_name":"logout","user":"alice"},"unix_timestamp":135410}
{"data":{"event_name":"login","user":"charlie"},"unix_timestamp":135410}
{"data":{"event_name":"logout","user":"bob"},"unix_timestamp":135410}
{"data":{"event_name":"login","user":"charlie"},"unix_timestamp":135410}
{"data":{"event_name":"logout","user":"david"},"unix_timestamp":135410}
{"data":{"event_name":"login","user":"alice"},"unix_timestamp":135410}
{"data":{"event_name":"logout","user":"charlie"},"unix_timestamp":135410}
{"data":{"event_name":"login","user":"charlie"},"unix_timestamp":135410}
{"data":{"event_name":"logout","user":"bob"},"unix_timestamp":135410}
{"data":{"event_name":"login","user":"david"},"unix_timestamp":135410}
{"data":{"event_name":"logout","user":"david"},"unix_timestamp":135410}
{"data":{"event_name":"login","user":"bob"},"unix_timestamp":135411}
{"data":{"event_name":"logout","user":"emma"},"unix_timestamp":135411}
{"data":{"event_name":"login","user":"emma"},"unix_timestamp":135411}
{"data":{"event_name":"logout","user":"bob"},"unix_timestamp":135411}
{"data":{"event_name":"login","user":"bob"},"unix_timestamp":135411}
{"data":{"event_name":"logout","user":"david"},"unix_timestamp":135411}
{"data":{"event_name":"login","user":"bob"},"unix_timestamp":135411}
{"data":{"event_name":"logout","user":"david"},"unix_timestamp":135411}
{"data":{"event_name":"login","user":"david"},"unix_timestamp":135411}
{"data":{"event_name":"logout","user":"charlie"},"unix_timestamp":135411}
{"data":{"event_name":"login","user":"david"},"unix_timestamp":135411}
{"data":{"event_name":"logout","user":"alice"},"unix_timestamp":135411}
{"data":{"event_name":"login","user":"bob"},"unix_timestamp":135411}
{"data":{"event_name":"logout","user":"charlie"},"unix_timestamp":135411}
{"data":{"event_name":"login","user":"bob"},"unix_timestamp":135411}
{"data":{"event_name":"logout","user":"david"},"unix_timestamp":135411}
{"data":{"event_name":"login","user":"charlie"},"unix_timestamp":135411}
{"data":{"event_name":"logout","user":"emma"},"unix_timestamp":135411}
{"data":{"event_name":"login","user":"charlie"},"unix_timestamp":135411}
{"data":{"event_name":"logout","user":"david"},"unix_timestamp":135411}
{"data":{"event_name":"login","user":"emma"},"unix_timestamp":135411}
{"data":{"event_name":"logout","user":"charlie"},"unix_timestamp":135411}
{"data":{"event_name":"login","user":"david"},"unix_timestamp":135411}
{"data":{"event_name":"logout","user":"bob"},"unix_timestamp":135411}
{"data":{"event_name":"login","user":"charlie"},"unix_timestamp":135412}
{"data":{"event_name":"logout","user":"bob"},"unix_timestamp":135412}
{"data":{"event_name":"login","user":"david"},"unix_timestamp":135412}
{"data":{"event_name":"logout","user":"emma"},"unix_timestamp":135412}
{"data":{"event_name":"login","user":"david"},"unix_timestamp":135412}
{"data":{"event_name":"logout","user":"emma"},"unix_timestamp":135412}
{"data":{"event_name":"login","user":"alice"},"unix_timestamp":135412}
{"data":{"event_name":"logout","user":"david"},"unix_timestamp":135412}
{"data":{"event_name":"login","user":"david"},"unix_timestamp":135412}
{"data":{"event_name":"logout","user":"alice"},"unix_timestamp":135412}
{"data":{"event_name":"login","user":"bob"},"unix_timestamp":135412}
{"data":{"event_name":"logout","user":"charlie"},"unix_timestamp":135412}
{"data":{"event_name":"login","user":"alice"},"unix_timestamp":135412}
{"data":{"event_name":"logout","user":"alice"},"unix_timestamp":135412}
{"data":{"event_name":"login","user":"emma"},"unix_timestamp":135412}
{"data":{"event_name":"logout","user":"bob"},"unix_timestamp":135412}
{"data":{"event_name":"login","user":"bob"},"unix_timestamp":135412}
{"data":{"event_name":"logout","user":"bob"},"unix_timestamp":135412}
{"data":{"event_name":"login","user":"david"},"unix_timestamp":135412}
{"data":{"event_name":"logout","user":"bob"},"unix_timestamp":135412}
{"data":{"event_name":"login","user":"emma"},"unix_timestamp":135412}
{"data":{"event_name":"logout","user":"david"},"unix_timestamp":135412}
{"data":{"event_name":"login","user":"david"},"unix_timestamp":135412}
{"data":{"event_name":"logout","user":"emma"},"unix_timestamp":135412}
{"data":{"event_name":"login","user":"charlie"},"unix_timestamp":135413}
{"data":{"event_name":"logout","user":"bob"},"unix_timestamp":135413}
{"data":{"event_name":"login","user":"bob"},"unix_timestamp":135413}
{"data":{"event_name":"logout","user":"alice"},"unix_timestamp":135413}
{"data":{"event_name":"login","user":"alice"},"unix_timestamp":135413}
{"data":{"event_name":"logout","user":"emma"},"unix_timestamp":135413}
{"data":{"event_name":"login","user":"david"},"unix_timestamp":135413}
{"data":{"event_name":"logout","user":"alice"},"unix_timestamp":135413}
{"data":{"event_name":"login","user":"bob"},"unix_timestamp":135413}
{"data":{"event_name":"logout","user":"emma"},"unix_timestamp":135413}
{"data":{"event_name":"login","user":"emma"},"unix_timestamp":135413}
{"data":{"event_name":"logout","user":"bob"},"unix_timestamp":135413}
{"data":{"event_name":"login","user":"charlie"},"unix_timestamp":135413}
{"data":{"event_name":"logout","user":"bob"},"unix_timestamp":135413}
{"data":{"event_name":"login","user":"emma"},"unix_timestamp":135413}
{"data":{"event_name":"logout","user":"bob"},"unix_timestamp":135413}
{"data":{"event_name":"login","user":"emma"},"unix_timestamp":135413}
{"data":{"event_name":"logout","user":"bob"},"unix_timestamp":135414}
{"data":{"event_name":"login","user":"david"},"unix_timestamp":135414}
{"data":{"event_name":"logout","user":"bob"},"unix_timestamp":135414}
{"data":{"event_name":"login","user":"bob"},"unix_timestamp":135414}
{"data":{"event_name":"logout","user":"david"},"unix_timestamp":135414}
{"data":{"event_name":"login","user":"bob"},"unix_timestamp":135414}
{"data":{"event_name":"logout","user":"bob"},"unix_timestamp":135414}
{"data":{"event_name":"login","user":"alice"},"unix_timestamp":135414}
{"data":{"event_name":"logout","user":"bob"},"unix_timestamp":135414}
{"data":{"event_name":"login","user":"david"},"unix_timestamp":135414}
{"data":{"event_name":"logout","user":"alice"},"unix_timestamp":135414}
{"data":{"event_name":"login","user":"alice"},"unix_timestamp":135414}
{"data":{"event_name":"logout","user":"charlie"},"unix_timestamp":135414}
{"data":{"event_name":"login","user":"charlie"},"unix_timestamp":135414}
{"data":{"event_name":"logout","user":"alice"},"unix_timestamp":135414}
{"data":{"event_name":"login","user":"charlie"},"unix_timestamp":135414}
{"data":{"event_name":"logout","user":"bob"},"unix_timestamp":135414}
{"data":{"event_name":"login","user":"david"},"unix_timestamp":135414}
{"data":{"event_name":"logout","user":"emma"},"unix_timestamp":135414}
{"data":{"event_name":"login","user":"alice"},"unix_timestamp":135414}
{"data":{"event_name":"logout","user":"bob"},"unix_timestamp":135414}
{"data":{"event_name":"login","user":"alice"},"unix_timestamp":135414}
{"data":{"event_name":"logout","user":"david"},"unix_timestamp":135414}
{"data":{"event_name":"login","user":"bob"},"unix_timestamp":135414}
{"data":{"event_name":"logout","user":"bob"},"unix_timestamp":135415}
{"data":{"event_name":"login","user":"david"},"unix_timestamp":135415}
{"data":{"event_name":"logout","user":"charlie"},"unix_timestamp":135415}
{"data":{"event_name":"login","user":"bob"},"unix_timestamp":135415}
{"data":{"event_name":"logout","user":"emma"},"unix_timestamp":135415}
{"data":{"event_name":"login","user":"charlie"},"unix_timestamp":135415}
{"data":{"event_name":"logout","user":"bob"},"unix_timestamp":135415}
{"data":{"event_name":"login","user":"bob"},"unix_timestamp":135415}
{"data":{"event_name":"logout","user":"alice"},"unix_timestamp":135415}
{"data":{"event_name":"login","user":"charlie"},"unix_timestamp":135415}
{"data":{"event_name":"logout","user":"emma"},"unix_timestamp":135415}
{"data":{"event_name":"login","user":"bob"},"unix_timestamp":135415}
{"data":{"event_name":"logout","user":"charlie"},"unix_timestamp":135415}
{"data":{"event_name":"login","user":"charlie"},"unix_timestamp":135415}
{"data":{"event_name":"logout","user":"alice"},"unix_timestamp":135415}
{"data":{"event_name":"login","user":"alice"},"unix_timestamp":135415}
{"data":{"event_name":"logout","user":"david"},"unix_timestamp":135415}
{"data":{"event_name":"login","user":"charlie"},"unix_timestamp":135415}
{"data":{"event_name":"logout","user":"alice"},"unix_timestamp":135415}
{"data":{"event_name":"login","user":"alice"},"unix_timestamp":135415}
{"data":{"event_name":"logout","user":"alice"},"unix_timestamp":135415}
{"data":{"event_name":"login","user":"alice"},"unix_timestamp":135415}
{"data":{"event_name":"logout","user":"alice"},"unix_timestamp":135415}
{"data":{"event_name":"login","user":"alice"},"unix_timestamp":135415}
{"data":{"event_name":"logout","user":"alice"},"unix_timestamp":135416}
{"data":{"event_name":"login","user":"emma"},"unix_timestamp":135416}
{"data":{"event_name":"logout","user":"bob"},"unix_timestamp":135416}
{"data":{"event_name":"login","user":"charlie"},"unix_timestamp":135416}
{"data":{"event_name":"logout","user":"bob"},"unix_timestamp":135416}
{"data":{"event_name":"login","user":"charlie"},"unix_timestamp":135416}
{"data":{"event_name":"logout","user":"bob"},"unix_timestamp":135416}
{"data":{"event_name":"login","user":"emma"},"unix_timestamp":135416}
{"data":{"event_name":"logout","user":"charlie"},"unix_timestamp":135416}
{"data":{"event_name":"login","user":"emma"},"unix_timestamp":135416}
{"data":{"event_name":"logout","user":"charlie"},"unix_timestamp":135416}
{"data":{"event_name":"login","user":"david"},"unix_timestamp":135416}
{"data":{"event_name":"logout","user":"emma"},"unix_timestamp":135416}
{"data":{"event_name":"login","user":"alice"},"unix_timestamp":135416}
{"data":{"event_name":"logout","user":"bob"},"unix_timestamp":135416}
{"data":{"event_name":"login","user":"alice"},"unix_timestamp":135416}
{"data":{"event_name":"logout","user":"bob"},"unix_timestamp":135416}
{"data":{"event_name":"login","user":"bob"},"unix_timestamp":135416}
{"data":{"event_name":"logout","user":"emma"},"unix_timestamp":135416}
{"data":{"event_name":"login","user":"bob"},"unix_timestamp":135416}
{"data":{"event_name":"logout","user":"david"},"unix_timestamp":135416}
{"data":{"event_name":"login","user":"emma"},"unix_timestamp":135416}
{"data":{"event_name":"logout","user":"bob"},"unix_timestamp":135416}
{"data":{"event_name":"login","user":"bob"},"unix_timestamp":135416}
{"data":{"event_name":"logout","user":"alice"},"unix_timestamp":135416}
{"data":{"event_name":"login","user":"charlie"},"unix_timestamp":135416}
{"data":{"event_name":"logout","user":"david"},"unix_timestamp":135417}
{"data":{"event_name":"login","user":"emma"},"unix_timestamp":135417}
{"data":{"event_name":"logout","user":"emma"},"unix_timestamp":135417}
{"data":{"event_name":"login","user":"alice"},"unix_timestamp":135417}
{"data":{"event_name":"logout","user":"david"},"unix_timestamp":135417}
{"data":{"event_name":"login","user":"charlie"},"unix_timestamp":135417}
{"data":{"event_name":"logout","user":"david"},"unix_timestamp":135417}
{"data":{"event_name":"login","user":"alice"},"unix_timestamp":135417}
{"data":{"event_name":"logout","user":"david"},"unix_timestamp":135417}
{"data":{"event_name":"login","user":"bob"},"unix_timestamp":135417}
{"data":{"event_name":"logout","user":"bob"},"unix_timestamp":135417}
{"data":{"event_name":"login","user":"charlie"},"unix_timestamp":135417}
{"data":{"event_name":"logout","user":"alice"},"unix_timestamp":135417}
{"data":{"event_name":"login","user":"david"},"unix_timestamp":135417}
{"data":{"event_name":"logout","user":"david"},"unix_timestamp":135417}
{"data":{"event_name":"login","user":"david"},"unix_timestamp":135417}
{"data":{"event_name":"logout","user":"alice"},"unix_timestamp":135417}
{"data":{"event_name":"login","user":"emma"},"unix_timestamp":135417}
{"data":{"event_name":"logout","user":"emma"},"unix_timestamp":135417}
{"data":{"event_name":"login","user":"alice"},"unix_timestamp":135417}
{"data":{"event_name":"logout","user":"emma"},"unix_timestamp":135417}
{"data":{"event_name":"login","user":"bob"},"unix_timestamp":135417}
{"data":{"event_name":"logout","user":"emma"},"unix_timestamp":135417}
{"data":{"event_name":"login","user":"bob"},"unix_timestamp":135417}
{"data":{"event_name":"logout","user":"charlie"},"unix_timestamp":135417}
{"data":{"event_name":"login","user":"alice"},"unix_timestamp":135417}
{"data":{"event_name":"logout","user":"emma"},"unix_timestamp":135417}
{"data":{"event_name":"login","user":"emma"},"unix_timestamp":135417}
{"data":{"event_name":"logout","user":"alice"},"unix_timestamp":135417}
{"data":{"event_name":"login","user":"emma"},"unix_timestamp":135418}
{"data":{"event_name":"logout","user":"bob"},"unix_timestamp":135418}
{"data":{"event_name":"login","user":"alice"},"unix_timestamp":135418}
{"data":{"event_name":"logout","user":"alice"},"unix_timestamp":135418}
{"data":{"event_name":"login","user":"bob"},"unix_timestamp":135418}
{"data":{"event_name":"logout","user":"charlie"},"unix_timestamp":135418}
{"data":{"event_name":"login","user":"emma"},"unix_timestamp":135418}
{"data":{"event_name":"logout","user":"alice"},"unix_timestamp":135418}
{"data":{"event_name":"login","user":"david"},"unix_timestamp":135418}
{"data":{"event_name":"logout","user":"emma"},"unix_timestamp":135418}
{"data":{"event_name":"login","user":"david"},"unix_timestamp":135418}
{"data":{"event_name":"logout","user":"alice"},"unix_timestamp":135418}
{"data":{"event_name":"login","user":"charlie"},"unix_timestamp":135418}
{"data":{"event_name":"logout","user":"david"},"unix_timestamp":135418}
{"data":{"event_name":"login","user":"david"},"unix_timestamp":135418}
{"data":{"event_name":"logout","user":"david"},"unix_timestamp":135418}
{"data":{"event_name":"login","user":"bob"},"unix_timestamp":135418}
{"data":{"event_name":"logout","user":"charlie"},"unix_timestamp":135418}
{"data":{"event_name":"login","user":"alice"},"unix_timestamp":135418}
{"data":{"event_name":"logout","user":"charlie"},"unix_timestamp":135418}
{"data":{"event_name":"login","user":"charlie"},"unix_timestamp":135418}
{"data":{"event_name":"logout","user":"david"},"unix_timestamp":135418}
{"data":{"event_name":"login","user":"charlie"},"unix_timestamp":135418}
{"data":{"event_name":"logout","user":"alice"},"unix_timestamp":135418}
{"data":{"event_name":"login","user":"david"},"unix_timestamp":135418}
{"data":{"event_name":"logout","user":"bob"},"unix_timestamp":135418}
{"data":{"event_name":"login","user":"david"},"unix_timestamp":135418}
{"data":{"event_name":"logout","user":"emma"},"unix_timestamp":135419}
{"data":{"event_name":"login","user":"alice"},"unix_timestamp":135419}
{"data":{"event_name":"logout","user":"david"},"unix_timestamp":135419}
{"data":{"event_name":"login","user":"david"},"unix_timestamp":135419}
{"data":{"event_name":"logout","user":"emma"},"unix_timestamp":135419}
{"data":{"event_name":"login","user":"emma"},"unix_timestamp":135420}
{"data":{"event_name":"logout","user":"charlie"},"unix_timestamp":135420}
{"data":{"event_name":"login","user":"david"},"unix_timestamp":135420}
{"data":{"event_name":"logout","user":"charlie"},"unix_timestamp":135420}
{"data":{"event_name":"login","user":"david"},"unix_timestamp":135420}
{"data":{"event_name":"logout","user":"emma"},"unix_timestamp":135420}
{"data":{"event_name":"login","user":"alice"},"unix_timestamp":135420}
{"data":{"event_name":"logout","user":"david"},"unix_timestamp":135420}
{"data":{"event_name":"login","user":"emma"},"unix_timestamp":135420}
{"data":{"event_name":"logout","user":"charlie"},"unix_timestamp":135420}
{"data":{"event_name":"login","user":"david"},"unix_timestamp":135420}
{"data":{"event_name":"logout","user":"emma"},"unix_timestamp":135420}
{"data":{"event_name":"login","user":"alice"},"unix_timestamp":135420}
{"data":{"event_name":"logout","user":"emma"},"unix_timestamp":135420}
{"data":{"event_name":"login","user":"david"},"unix_timestamp":135420}
{"data":{"event_name":"logout","user":"charlie"},"unix_timestamp":135420}
{"data":{"event_name":"login","user":"alice"},"unix_timestamp":135420}
{"data":{"event_name":"logout","user":"charlie"},"unix_timestamp":135421}
{"data":{"event_name":"login","user":"charlie"},"unix_timestamp":135421}
{"data":{"event_name":"logout","user":"charlie"},"unix_timestamp":135421}
{"data":{"event_name":"login","user":"david"},"unix_timestamp":135421}
{"data":{"event_name":"logout","user":"charlie"},"unix_timestamp":135421}
{"data":{"event_name":"login","user":"alice"},"unix_timestamp":135421}
{"data":{"event_name":"logout","user":"david"},"unix_timestamp":135421}
{"data":{"event_name":"login","user":"bob"},"unix_timestamp":135421}
{"data":{"event_name":"logout","user":"bob"},"unix_timestamp":135421}
{"data":{"event_name":"login","user":"david"},"unix_timestamp":135421}
{"data":{"event_name":"logout","user":"david"},"unix_timestamp":135421}
{"data":{"event_name":"login","user":"david"},"unix_timestamp":135421}
{"data":{"event_name":"logout","user":"charlie"},"unix_timestamp":135421}
{"data":{"event_name":"login","user":"alice"},"unix_timestamp":135421}
{"data":{"event_name":"logout","user":"charlie"},"unix_timestamp":135421}
{"data":{"event_name":"login","user":"david"},"unix_timestamp":135421}
{"data":{"event_name":"logout","user":"emma"},"unix_timestamp":135421}
{"data":{"event_name":"login","user":"emma"},"unix_timestamp":135421}
{"data":{"event_name":"logout","user":"emma"},"unix_timestamp":135421}
